# JRE version: OpenJDK Runtime Environment (11.0.15) (build 11.0.15+0-b2043.56-9505619)
# Java VM: OpenJDK 64-Bit Server VM (11.0.15+0-b2043.56-9505619, mixed mode, tiered, compressed oops, g1 gc, windows-amd64)
Heap:
 garbage-first heap   total 189440K, used 96503K [0x0000000080000000, 0x0000000100000000)
  region size 1024K, 19 young (19456K), 6 survivors (6144K)
 Metaspace       used 46792K, capacity 48022K, committed 48336K, reserved 1091584K
  class space    used 5883K, capacity 6352K, committed 6432K, reserved 1048576K
GC Heap History (20 events):
Event: 1.568 GC heap before
{Heap before GC invocations=1 (full 0):
 garbage-first heap   total 131072K, used 18174K [0x0000000080000000, 0x0000000100000000)
  region size 1024K, 14 young (14336K), 2 survivors (2048K)
 Metaspace       used 9894K, capacity 10122K, committed 10368K, reserved 1058816K
  class space    used 1011K, capacity 1102K, committed 1152K, reserved 1048576K
}
Event: 1.577 GC heap after
{Heap after GC invocations=2 (full 0):
 garbage-first heap   total 131072K, used 9180K [0x0000000080000000, 0x0000000100000000)
  region size 1024K, 2 young (2048K), 2 survivors (2048K)
 Metaspace       used 9894K, capacity 10122K, committed 10368K, reserved 1058816K
  class space    used 1011K, capacity 1102K, committed 1152K, reserved 1048576K
}
Event: 2.431 GC heap before
{Heap before GC invocations=2 (full 0):
 garbage-first heap   total 131072K, used 37852K [0x0000000080000000, 0x0000000100000000)
  region size 1024K, 29 young (29696K), 2 survivors (2048K)
 Metaspace       used 10899K, capacity 11077K, committed 11264K, reserved 1058816K
  class space    used 1113K, capacity 1207K, committed 1280K, reserved 1048576K
}
Event: 2.438 GC heap after
{Heap after GC invocations=3 (full 0):
 garbage-first heap   total 131072K, used 11928K [0x0000000080000000, 0x0000000100000000)
  region size 1024K, 4 young (4096K), 4 survivors (4096K)
 Metaspace       used 10899K, capacity 11077K, committed 11264K, reserved 1058816K
  class space    used 1113K, capacity 1207K, committed 1280K, reserved 1048576K
}
Event: 4.540 GC heap before
{Heap before GC invocations=3 (full 0):
 garbage-first heap   total 131072K, used 51864K [0x0000000080000000, 0x0000000100000000)
  region size 1024K, 43 young (44032K), 4 survivors (4096K)
 Metaspace       used 18081K, capacity 18472K, committed 18688K, reserved 1064960K
  class space    used 2098K, capacity 2258K, committed 2304K, reserved 1048576K
}
Event: 4.553 GC heap after
{Heap after GC invocations=4 (full 0):
 garbage-first heap   total 131072K, used 16450K [0x0000000080000000, 0x0000000100000000)
  region size 1024K, 6 young (6144K), 6 survivors (6144K)
 Metaspace       used 18081K, capacity 18472K, committed 18688K, reserved 1064960K
  class space    used 2098K, capacity 2258K, committed 2304K, reserved 1048576K
}
Event: 5.464 GC heap before
{Heap before GC invocations=4 (full 0):
 garbage-first heap   total 131072K, used 40002K [0x0000000080000000, 0x0000000100000000)
  region size 1024K, 31 young (31744K), 6 survivors (6144K)
 Metaspace       used 20797K, capacity 21222K, committed 21296K, reserved 1069056K
  class space    used 2506K, capacity 2665K, committed 2688K, reserved 1048576K
}
Event: 5.475 GC heap after
{Heap after GC invocations=5 (full 0):
 garbage-first heap   total 157696K, used 17342K [0x0000000080000000, 0x0000000100000000)
  region size 1024K, 1 young (1024K), 1 survivors (1024K)
 Metaspace       used 20797K, capacity 21222K, committed 21296K, reserved 1069056K
  class space    used 2506K, capacity 2665K, committed 2688K, reserved 1048576K
}
Event: 7.737 GC heap before
{Heap before GC invocations=6 (full 0):
 garbage-first heap   total 157696K, used 71614K [0x0000000080000000, 0x0000000100000000)
  region size 1024K, 54 young (55296K), 1 survivors (1024K)
 Metaspace       used 26402K, capacity 27013K, committed 27260K, reserved 1073152K
  class space    used 3425K, capacity 3667K, committed 3788K, reserved 1048576K
}
Event: 7.746 GC heap after
{Heap after GC invocations=7 (full 0):
 garbage-first heap   total 157696K, used 19185K [0x0000000080000000, 0x0000000100000000)
  region size 1024K, 3 young (3072K), 3 survivors (3072K)
 Metaspace       used 26402K, capacity 27013K, committed 27260K, reserved 1073152K
  class space    used 3425K, capacity 3667K, committed 3788K, reserved 1048576K
}
Event: 10.875 GC heap before
{Heap before GC invocations=7 (full 0):
 garbage-first heap   total 157696K, used 111345K [0x0000000080000000, 0x0000000100000000)
  region size 1024K, 67 young (68608K), 3 survivors (3072K)
 Metaspace       used 31999K, capacity 32931K, committed 33148K, reserved 1077248K
  class space    used 4299K, capacity 4682K, committed 4812K, reserved 1048576K
}
Event: 10.887 GC heap after
{Heap after GC invocations=8 (full 0):
 garbage-first heap   total 157696K, used 52172K [0x0000000080000000, 0x0000000100000000)
  region size 1024K, 8 young (8192K), 8 survivors (8192K)
 Metaspace       used 31999K, capacity 32931K, committed 33148K, reserved 1077248K
  class space    used 4299K, capacity 4682K, committed 4812K, reserved 1048576K
}
Event: 11.944 GC heap before
{Heap before GC invocations=8 (full 0):
 garbage-first heap   total 157696K, used 70604K [0x0000000080000000, 0x0000000100000000)
  region size 1024K, 27 young (27648K), 8 survivors (8192K)
 Metaspace       used 35006K, capacity 35970K, committed 36048K, reserved 1081344K
  class space    used 4675K, capacity 5078K, committed 5152K, reserved 1048576K
}
Event: 11.962 GC heap after
{Heap after GC invocations=9 (full 0):
 garbage-first heap   total 157696K, used 54042K [0x0000000080000000, 0x0000000100000000)
  region size 1024K, 2 young (2048K), 2 survivors (2048K)
 Metaspace       used 35006K, capacity 35970K, committed 36048K, reserved 1081344K
  class space    used 4675K, capacity 5078K, committed 5152K, reserved 1048576K
}
Event: 14.026 GC heap before
{Heap before GC invocations=10 (full 0):
 garbage-first heap   total 157696K, used 105242K [0x0000000080000000, 0x0000000100000000)
  region size 1024K, 50 young (51200K), 2 survivors (2048K)
 Metaspace       used 41802K, capacity 42859K, committed 43088K, reserved 1087488K
  class space    used 5286K, capacity 5685K, committed 5792K, reserved 1048576K
}
Event: 14.043 GC heap after
{Heap after GC invocations=11 (full 0):
 garbage-first heap   total 157696K, used 58609K [0x0000000080000000, 0x0000000100000000)
  region size 1024K, 7 young (7168K), 7 survivors (7168K)
 Metaspace       used 41802K, capacity 42859K, committed 43088K, reserved 1087488K
  class space    used 5286K, capacity 5685K, committed 5792K, reserved 1048576K
}
Event: 15.772 GC heap before
{Heap before GC invocations=12 (full 0):
 garbage-first heap   total 157696K, used 115953K [0x0000000080000000, 0x0000000100000000)
  region size 1024K, 48 young (49152K), 7 survivors (7168K)
 Metaspace       used 44599K, capacity 45708K, committed 45776K, reserved 1089536K
  class space    used 5706K, capacity 6117K, committed 6176K, reserved 1048576K
}
Event: 15.796 GC heap after
{Heap after GC invocations=13 (full 0):
 garbage-first heap   total 157696K, used 78168K [0x0000000080000000, 0x0000000100000000)
  region size 1024K, 4 young (4096K), 4 survivors (4096K)
 Metaspace       used 44599K, capacity 45708K, committed 45776K, reserved 1089536K
  class space    used 5706K, capacity 6117K, committed 6176K, reserved 1048576K
}
Event: 16.420 GC heap before
{Heap before GC invocations=14 (full 0):
 garbage-first heap   total 157696K, used 94552K [0x0000000080000000, 0x0000000100000000)
  region size 1024K, 19 young (19456K), 4 survivors (4096K)
 Metaspace       used 45327K, capacity 46557K, committed 46672K, reserved 1089536K
  class space    used 5784K, capacity 6248K, committed 6304K, reserved 1048576K
}
Event: 16.433 GC heap after
{Heap after GC invocations=15 (full 0):
 garbage-first heap   total 189440K, used 83191K [0x0000000080000000, 0x0000000100000000)
  region size 1024K, 6 young (6144K), 6 survivors (6144K)
 Metaspace       used 45327K, capacity 46557K, committed 46672K, reserved 1089536K
  class space    used 5784K, capacity 6248K, committed 6304K, reserved 1048576K
}

